<?xml version="1.0" encoding="UTF-8"?>
<!-- Generated by org.testng.reporters.JUnitReportReporter -->
<testsuite hostname="DESKTOP-4EIKF2I" failures="0" tests="2" name="uiNG.LoginTest" time="0.005" errors="0" timestamp="2022-11-03T16:20:19 EET" skipped="0">
  <testcase classname="uiNG.LoginTest" name="loginTest" time="0.005"/>
  <system-out/>
  <testcase classname="uiNG.LoginTest" name="logoutTest" time="0.000"/>
  <system-out/>
</testsuite> <!-- uiNG.LoginTest -->
